2018-12-14 10:08:57,819  INFO - [main                 ] o.s.c.s.PostProcessorRegistrationDelegate$BeanPostProcessorChecker : Bean 'org.springframework.cloud.autoconfigure.ConfigurationPropertiesRebinderAutoConfiguration' of type [org.springframework.cloud.autoconfigure.ConfigurationPropertiesRebinderAutoConfiguration$$EnhancerBySpringCGLIB$$a3358540] is not eligible for getting processed by all BeanPostProcessors (for example: not eligible for auto-proxying)
2018-12-14 10:08:58,163  INFO - [main                 ] com.example.tracec.TracecApplication               : No active profile set, falling back to default profiles: default
2018-12-14 10:08:58,679  INFO - [main                 ] o.springframework.cloud.context.scope.GenericScope : BeanFactory id=04051796-1088-35ab-95cb-6a845a076389
2018-12-14 10:08:58,882  INFO - [main                 ] o.s.c.s.PostProcessorRegistrationDelegate$BeanPostProcessorChecker : Bean 'org.springframework.cloud.autoconfigure.ConfigurationPropertiesRebinderAutoConfiguration' of type [org.springframework.cloud.autoconfigure.ConfigurationPropertiesRebinderAutoConfiguration$$EnhancerBySpringCGLIB$$a3358540] is not eligible for getting processed by all BeanPostProcessors (for example: not eligible for auto-proxying)
2018-12-14 10:08:59,190  INFO - [main                 ] o.s.boot.web.embedded.tomcat.TomcatWebServer       : Tomcat initialized with port(s): 4444 (http)
2018-12-14 10:08:59,206  INFO - [main                 ] org.apache.coyote.http11.Http11NioProtocol         : Initializing ProtocolHandler ["http-nio-4444"]
2018-12-14 10:08:59,206  INFO - [main                 ] org.apache.catalina.core.StandardService           : Starting service [Tomcat]
2018-12-14 10:08:59,206  INFO - [main                 ] org.apache.catalina.core.StandardEngine            : Starting Servlet Engine: Apache Tomcat/9.0.13
2018-12-14 10:08:59,221  INFO - [main                 ] org.apache.catalina.core.AprLifecycleListener      : The APR based Apache Tomcat Native library which allows optimal performance in production environments was not found on the java.library.path: [C:\Program Files\Java\jdk1.8.0_101\bin;C:\WINDOWS\Sun\Java\bin;C:\WINDOWS\system32;C:\WINDOWS;C:\ProgramData\Oracle\Java\javapath;C:\Program Files (x86)\Intel\iCLS Client\;C:\Program Files\Intel\iCLS Client\;C:\Windows\system32;C:\Windows;C:\Windows\System32\Wbem;C:\Windows\System32\WindowsPowerShell\v1.0\;C:\Program Files (x86)\NVIDIA Corporation\PhysX\Common;C:\Program Files (x86)\Intel\Intel(R) Management Engine Components\DAL;C:\Program Files\Intel\Intel(R) Management Engine Components\DAL;C:\Program Files (x86)\Intel\Intel(R) Management Engine Components\IPT;C:\Program Files\Intel\Intel(R) Management Engine Components\IPT;C:\Program Files\Java\jdk-11.0.1\bin;C:\Program Files\MySQL\MySQL Server 5.5\bin;E:\apache_maven_3.3.9\bin;D:\database\redis\;C:\WINDOWS\system32;C:\WINDOWS;C:\WINDOWS\System32\Wbem;C:\WINDOWS\System32\WindowsPowerShell\v1.0\;D:\Git\cmd;D:\database\mongodb\bin;C:\WINDOWS\System32\OpenSSH\;C:\Program Files\RabbitMQ Server\rabbitmq_server-3.7.7\sbin;C:\Program Files\erl10.0.1\bin;D:\database\mysql-5.7.23-winx64\bin;D:\nodejs\;D:\scala-2.11.8\bin;"%JAVA_HOME%\bin;";C:\Users\49535\AppData\Local\Microsoft\WindowsApps;C:\Users\49535\AppData\Roaming\npm;.]
2018-12-14 10:08:59,393  INFO - [main                 ] o.a.c.core.ContainerBase.[Tomcat].[localhost].[/]  : Initializing Spring embedded WebApplicationContext
2018-12-14 10:08:59,393  INFO - [main                 ] org.springframework.web.context.ContextLoader      : Root WebApplicationContext: initialization completed in 1214 ms
2018-12-14 10:08:59,956  WARN - [main                 ] com.netflix.config.sources.URLConfigurationSource  : No URLs will be polled as dynamic configuration sources.
2018-12-14 10:08:59,956  INFO - [main                 ] com.netflix.config.sources.URLConfigurationSource  : To enable URLs as dynamic configuration sources, define System property archaius.configurationSource.additionalUrls or make config.properties available on classpath.
2018-12-14 10:08:59,971  WARN - [main                 ] com.netflix.config.sources.URLConfigurationSource  : No URLs will be polled as dynamic configuration sources.
2018-12-14 10:08:59,971  INFO - [main                 ] com.netflix.config.sources.URLConfigurationSource  : To enable URLs as dynamic configuration sources, define System property archaius.configurationSource.additionalUrls or make config.properties available on classpath.
2018-12-14 10:09:00,190  INFO - [main                 ] o.s.scheduling.concurrent.ThreadPoolTaskExecutor   : Initializing ExecutorService 'applicationTaskExecutor'
2018-12-14 10:09:01,487  INFO - [main                 ] o.s.cloud.netflix.eureka.InstanceInfoFactory       : Setting initial instance status as: STARTING
2018-12-14 10:09:01,518  INFO - [main                 ] com.netflix.discovery.DiscoveryClient              : Initializing Eureka in region us-east-1
2018-12-14 10:09:01,627  INFO - [main                 ] c.n.discovery.provider.DiscoveryJerseyProvider     : Using JSON encoding codec LegacyJacksonJson
2018-12-14 10:09:01,627  INFO - [main                 ] c.n.discovery.provider.DiscoveryJerseyProvider     : Using JSON decoding codec LegacyJacksonJson
2018-12-14 10:09:01,721  INFO - [main                 ] c.n.discovery.provider.DiscoveryJerseyProvider     : Using XML encoding codec XStreamXml
2018-12-14 10:09:01,721  INFO - [main                 ] c.n.discovery.provider.DiscoveryJerseyProvider     : Using XML decoding codec XStreamXml
2018-12-14 10:09:01,861  INFO - [main                 ] c.n.d.shared.resolver.aws.ConfigClusterResolver    : Resolving eureka endpoints via configuration
2018-12-14 10:09:02,033  INFO - [main                 ] com.netflix.discovery.DiscoveryClient              : Disable delta property : false
2018-12-14 10:09:02,033  INFO - [main                 ] com.netflix.discovery.DiscoveryClient              : Single vip registry refresh property : null
2018-12-14 10:09:02,033  INFO - [main                 ] com.netflix.discovery.DiscoveryClient              : Force full registry fetch : false
2018-12-14 10:09:02,033  INFO - [main                 ] com.netflix.discovery.DiscoveryClient              : Application is null : false
2018-12-14 10:09:02,033  INFO - [main                 ] com.netflix.discovery.DiscoveryClient              : Registered Applications size is zero : true
2018-12-14 10:09:02,033  INFO - [main                 ] com.netflix.discovery.DiscoveryClient              : Application version is -1: true
2018-12-14 10:09:02,033  INFO - [main                 ] com.netflix.discovery.DiscoveryClient              : Getting all instance registry info from the eureka server
2018-12-14 10:09:02,158  INFO - [main                 ] com.netflix.discovery.DiscoveryClient              : The response status is 200
2018-12-14 10:09:02,158  INFO - [main                 ] com.netflix.discovery.DiscoveryClient              : Starting heartbeat executor: renew interval is: 30
2018-12-14 10:09:02,158  INFO - [main                 ] com.netflix.discovery.InstanceInfoReplicator       : InstanceInfoReplicator onDemand update allowed rate per min is 4
2018-12-14 10:09:02,174  INFO - [main                 ] com.netflix.discovery.DiscoveryClient              : Discovery Client initialized at timestamp 1544753342158 with initial instances count: 2
2018-12-14 10:09:02,174  INFO - [main                 ] o.s.c.n.e.serviceregistry.EurekaServiceRegistry    : Registering application TRACE-C with eureka with status UP
2018-12-14 10:09:02,174  INFO - [main                 ] com.netflix.discovery.DiscoveryClient              : Saw local status change event StatusChangeEvent [timestamp=1544753342174, current=UP, previous=STARTING]
2018-12-14 10:09:02,174  INFO - [DiscoveryClient-InstanceInfoReplicator-0] com.netflix.discovery.DiscoveryClient              : DiscoveryClient_TRACE-C/LAPTOP-AJOD9Q7O:trace-c:4444: registering service...
2018-12-14 10:09:02,189  INFO - [main                 ] org.apache.coyote.http11.Http11NioProtocol         : Starting ProtocolHandler ["http-nio-4444"]
2018-12-14 10:09:02,205  INFO - [main                 ] org.apache.tomcat.util.net.NioSelectorPool         : Using a shared selector for servlet write/read
2018-12-14 10:09:02,221  INFO - [main                 ] o.s.boot.web.embedded.tomcat.TomcatWebServer       : Tomcat started on port(s): 4444 (http) with context path ''
2018-12-14 10:09:02,221  INFO - [main                 ] o.s.c.n.e.s.EurekaAutoServiceRegistration          : Updating port to 4444
2018-12-14 10:09:02,221  INFO - [main                 ] com.example.tracec.TracecApplication               : Started TracecApplication in 5.261 seconds (JVM running for 6.52)
2018-12-14 10:09:02,221  INFO - [DiscoveryClient-InstanceInfoReplicator-0] com.netflix.discovery.DiscoveryClient              : DiscoveryClient_TRACE-C/LAPTOP-AJOD9Q7O:trace-c:4444 - registration status: 204
2018-12-14 10:10:13,816  INFO - [http-nio-4444-exec-1 ] o.a.c.core.ContainerBase.[Tomcat].[localhost].[/]  : Initializing Spring DispatcherServlet 'dispatcherServlet'
2018-12-14 10:10:13,817  INFO - [http-nio-4444-exec-1 ] org.springframework.web.servlet.DispatcherServlet  : Initializing Servlet 'dispatcherServlet'
2018-12-14 10:10:13,831  INFO - [http-nio-4444-exec-1 ] org.springframework.web.servlet.DispatcherServlet  : Completed initialization in 14 ms
2018-12-14 10:10:33,281  INFO - [http-nio-4444-exec-6 ] c.e.t.TracecApplication$$EnhancerBySpringCGLIB$$2cf9b43b : trace-1 is calling successfully! 
2018-12-14 10:10:33,441  INFO - [http-nio-4444-exec-6 ] com.netflix.config.ChainedDynamicProperty          : Flipping property: trace-a.ribbon.ActiveConnectionsLimit to use NEXT property: niws.loadbalancer.availabilityFilteringRule.activeConnectionsLimit = 2147483647
2018-12-14 10:10:33,474  INFO - [http-nio-4444-exec-6 ] com.netflix.util.concurrent.ShutdownEnabledTimer   : Shutdown hook installed for: NFLoadBalancer-PingTimer-trace-a
2018-12-14 10:10:33,475  INFO - [http-nio-4444-exec-6 ] com.netflix.loadbalancer.BaseLoadBalancer          : Client: trace-a instantiated a LoadBalancer: DynamicServerListLoadBalancer:{NFLoadBalancer:name=trace-a,current list of Servers=[],Load balancer stats=Zone stats: {},Server stats: []}ServerList:null
2018-12-14 10:10:33,481  INFO - [http-nio-4444-exec-6 ] c.n.loadbalancer.DynamicServerListLoadBalancer     : Using serverListUpdater PollingServerListUpdater
2018-12-14 10:10:33,504  INFO - [http-nio-4444-exec-6 ] com.netflix.config.ChainedDynamicProperty          : Flipping property: trace-a.ribbon.ActiveConnectionsLimit to use NEXT property: niws.loadbalancer.availabilityFilteringRule.activeConnectionsLimit = 2147483647
2018-12-14 10:10:33,505  INFO - [http-nio-4444-exec-6 ] c.n.loadbalancer.DynamicServerListLoadBalancer     : DynamicServerListLoadBalancer for client trace-a initialized: DynamicServerListLoadBalancer:{NFLoadBalancer:name=trace-a,current list of Servers=[LAPTOP-AJOD9Q7O:2222],Load balancer stats=Zone stats: {defaultzone=[Zone:defaultzone;	Instance count:1;	Active connections count: 0;	Circuit breaker tripped count: 0;	Active connections per server: 0.0;]
},Server stats: [[Server:LAPTOP-AJOD9Q7O:2222;	Zone:defaultZone;	Total Requests:0;	Successive connection failure:0;	Total blackout seconds:0;	Last connection made:Thu Jan 01 08:00:00 CST 1970;	First connection made: Thu Jan 01 08:00:00 CST 1970;	Active Connections:0;	total failure count in last (1000) msecs:0;	average resp time:0.0;	90 percentile resp time:0.0;	95 percentile resp time:0.0;	min resp time:0.0;	max resp time:0.0;	stddev resp time:0.0]
]}ServerList:org.springframework.cloud.netflix.ribbon.eureka.DomainExtractingServerList@2eb18482
2018-12-14 10:10:34,486  INFO - [PollingServerListUpdater-0] com.netflix.config.ChainedDynamicProperty          : Flipping property: trace-a.ribbon.ActiveConnectionsLimit to use NEXT property: niws.loadbalancer.availabilityFilteringRule.activeConnectionsLimit = 2147483647
2018-12-14 10:10:38,303  INFO - [http-nio-4444-exec-7 ] c.e.t.TracecApplication$$EnhancerBySpringCGLIB$$2cf9b43b : trace-2 is calling successfully! 
2018-12-14 10:10:38,340  INFO - [http-nio-4444-exec-7 ] com.netflix.config.ChainedDynamicProperty          : Flipping property: trace-b.ribbon.ActiveConnectionsLimit to use NEXT property: niws.loadbalancer.availabilityFilteringRule.activeConnectionsLimit = 2147483647
2018-12-14 10:10:38,341  INFO - [http-nio-4444-exec-7 ] com.netflix.util.concurrent.ShutdownEnabledTimer   : Shutdown hook installed for: NFLoadBalancer-PingTimer-trace-b
2018-12-14 10:10:38,342  INFO - [http-nio-4444-exec-7 ] com.netflix.loadbalancer.BaseLoadBalancer          : Client: trace-b instantiated a LoadBalancer: DynamicServerListLoadBalancer:{NFLoadBalancer:name=trace-b,current list of Servers=[],Load balancer stats=Zone stats: {},Server stats: []}ServerList:null
2018-12-14 10:10:38,344  INFO - [http-nio-4444-exec-7 ] c.n.loadbalancer.DynamicServerListLoadBalancer     : Using serverListUpdater PollingServerListUpdater
2018-12-14 10:10:38,345  INFO - [http-nio-4444-exec-7 ] com.netflix.config.ChainedDynamicProperty          : Flipping property: trace-b.ribbon.ActiveConnectionsLimit to use NEXT property: niws.loadbalancer.availabilityFilteringRule.activeConnectionsLimit = 2147483647
2018-12-14 10:10:38,346  INFO - [http-nio-4444-exec-7 ] c.n.loadbalancer.DynamicServerListLoadBalancer     : DynamicServerListLoadBalancer for client trace-b initialized: DynamicServerListLoadBalancer:{NFLoadBalancer:name=trace-b,current list of Servers=[LAPTOP-AJOD9Q7O:3333],Load balancer stats=Zone stats: {defaultzone=[Zone:defaultzone;	Instance count:1;	Active connections count: 0;	Circuit breaker tripped count: 0;	Active connections per server: 0.0;]
},Server stats: [[Server:LAPTOP-AJOD9Q7O:3333;	Zone:defaultZone;	Total Requests:0;	Successive connection failure:0;	Total blackout seconds:0;	Last connection made:Thu Jan 01 08:00:00 CST 1970;	First connection made: Thu Jan 01 08:00:00 CST 1970;	Active Connections:0;	total failure count in last (1000) msecs:0;	average resp time:0.0;	90 percentile resp time:0.0;	95 percentile resp time:0.0;	min resp time:0.0;	max resp time:0.0;	stddev resp time:0.0]
]}ServerList:org.springframework.cloud.netflix.ribbon.eureka.DomainExtractingServerList@5648a288
2018-12-14 10:10:39,345  INFO - [PollingServerListUpdater-0] com.netflix.config.ChainedDynamicProperty          : Flipping property: trace-b.ribbon.ActiveConnectionsLimit to use NEXT property: niws.loadbalancer.availabilityFilteringRule.activeConnectionsLimit = 2147483647
2018-12-14 10:14:02,061  INFO - [AsyncResolver-bootstrap-executor-0] c.n.d.shared.resolver.aws.ConfigClusterResolver    : Resolving eureka endpoints via configuration
2018-12-14 10:19:02,076  INFO - [AsyncResolver-bootstrap-executor-0] c.n.d.shared.resolver.aws.ConfigClusterResolver    : Resolving eureka endpoints via configuration
2018-12-14 10:24:02,081  INFO - [AsyncResolver-bootstrap-executor-0] c.n.d.shared.resolver.aws.ConfigClusterResolver    : Resolving eureka endpoints via configuration
2018-12-14 10:29:02,095  INFO - [AsyncResolver-bootstrap-executor-0] c.n.d.shared.resolver.aws.ConfigClusterResolver    : Resolving eureka endpoints via configuration
2018-12-14 10:34:02,106  INFO - [AsyncResolver-bootstrap-executor-0] c.n.d.shared.resolver.aws.ConfigClusterResolver    : Resolving eureka endpoints via configuration
2018-12-14 10:39:08,814  INFO - [main                 ] o.s.c.s.PostProcessorRegistrationDelegate$BeanPostProcessorChecker : Bean 'org.springframework.cloud.autoconfigure.ConfigurationPropertiesRebinderAutoConfiguration' of type [org.springframework.cloud.autoconfigure.ConfigurationPropertiesRebinderAutoConfiguration$$EnhancerBySpringCGLIB$$6d173a79] is not eligible for getting processed by all BeanPostProcessors (for example: not eligible for auto-proxying)
2018-12-14 10:39:09,205  INFO - [main                 ] com.example.tracec.TracecApplication               : No active profile set, falling back to default profiles: default
2018-12-14 10:39:09,814  INFO - [main                 ] o.springframework.cloud.context.scope.GenericScope : BeanFactory id=04051796-1088-35ab-95cb-6a845a076389
2018-12-14 10:39:09,986  INFO - [main                 ] o.s.c.s.PostProcessorRegistrationDelegate$BeanPostProcessorChecker : Bean 'org.springframework.cloud.autoconfigure.ConfigurationPropertiesRebinderAutoConfiguration' of type [org.springframework.cloud.autoconfigure.ConfigurationPropertiesRebinderAutoConfiguration$$EnhancerBySpringCGLIB$$6d173a79] is not eligible for getting processed by all BeanPostProcessors (for example: not eligible for auto-proxying)
2018-12-14 10:39:10,298  INFO - [main                 ] o.s.boot.web.embedded.tomcat.TomcatWebServer       : Tomcat initialized with port(s): 4444 (http)
2018-12-14 10:39:10,314  INFO - [main                 ] org.apache.coyote.http11.Http11NioProtocol         : Initializing ProtocolHandler ["http-nio-4444"]
2018-12-14 10:39:10,314  INFO - [main                 ] org.apache.catalina.core.StandardService           : Starting service [Tomcat]
2018-12-14 10:39:10,314  INFO - [main                 ] org.apache.catalina.core.StandardEngine            : Starting Servlet Engine: Apache Tomcat/9.0.13
2018-12-14 10:39:10,329  INFO - [main                 ] org.apache.catalina.core.AprLifecycleListener      : The APR based Apache Tomcat Native library which allows optimal performance in production environments was not found on the java.library.path: [C:\Program Files\Java\jdk1.8.0_101\bin;C:\WINDOWS\Sun\Java\bin;C:\WINDOWS\system32;C:\WINDOWS;C:\ProgramData\Oracle\Java\javapath;C:\Program Files (x86)\Intel\iCLS Client\;C:\Program Files\Intel\iCLS Client\;C:\Windows\system32;C:\Windows;C:\Windows\System32\Wbem;C:\Windows\System32\WindowsPowerShell\v1.0\;C:\Program Files (x86)\NVIDIA Corporation\PhysX\Common;C:\Program Files (x86)\Intel\Intel(R) Management Engine Components\DAL;C:\Program Files\Intel\Intel(R) Management Engine Components\DAL;C:\Program Files (x86)\Intel\Intel(R) Management Engine Components\IPT;C:\Program Files\Intel\Intel(R) Management Engine Components\IPT;C:\Program Files\Java\jdk-11.0.1\bin;C:\Program Files\MySQL\MySQL Server 5.5\bin;E:\apache_maven_3.3.9\bin;D:\database\redis\;C:\WINDOWS\system32;C:\WINDOWS;C:\WINDOWS\System32\Wbem;C:\WINDOWS\System32\WindowsPowerShell\v1.0\;D:\Git\cmd;D:\database\mongodb\bin;C:\WINDOWS\System32\OpenSSH\;C:\Program Files\RabbitMQ Server\rabbitmq_server-3.7.7\sbin;C:\Program Files\erl10.0.1\bin;D:\database\mysql-5.7.23-winx64\bin;D:\nodejs\;D:\scala-2.11.8\bin;"%JAVA_HOME%\bin;";C:\Users\49535\AppData\Local\Microsoft\WindowsApps;C:\Users\49535\AppData\Roaming\npm;.]
2018-12-14 10:39:10,470  INFO - [main                 ] o.a.c.core.ContainerBase.[Tomcat].[localhost].[/]  : Initializing Spring embedded WebApplicationContext
2018-12-14 10:39:10,470  INFO - [main                 ] org.springframework.web.context.ContextLoader      : Root WebApplicationContext: initialization completed in 1250 ms
2018-12-14 10:39:10,992  WARN - [main                 ] com.netflix.config.sources.URLConfigurationSource  : No URLs will be polled as dynamic configuration sources.
2018-12-14 10:39:10,992  INFO - [main                 ] com.netflix.config.sources.URLConfigurationSource  : To enable URLs as dynamic configuration sources, define System property archaius.configurationSource.additionalUrls or make config.properties available on classpath.
2018-12-14 10:39:10,992  WARN - [main                 ] com.netflix.config.sources.URLConfigurationSource  : No URLs will be polled as dynamic configuration sources.
2018-12-14 10:39:10,992  INFO - [main                 ] com.netflix.config.sources.URLConfigurationSource  : To enable URLs as dynamic configuration sources, define System property archaius.configurationSource.additionalUrls or make config.properties available on classpath.
2018-12-14 10:39:11,211  INFO - [main                 ] o.s.scheduling.concurrent.ThreadPoolTaskExecutor   : Initializing ExecutorService 'applicationTaskExecutor'
2018-12-14 10:39:12,523  INFO - [main                 ] o.s.cloud.netflix.eureka.InstanceInfoFactory       : Setting initial instance status as: STARTING
2018-12-14 10:39:12,554  INFO - [main                 ] com.netflix.discovery.DiscoveryClient              : Initializing Eureka in region us-east-1
2018-12-14 10:39:12,663  INFO - [main                 ] c.n.discovery.provider.DiscoveryJerseyProvider     : Using JSON encoding codec LegacyJacksonJson
2018-12-14 10:39:12,663  INFO - [main                 ] c.n.discovery.provider.DiscoveryJerseyProvider     : Using JSON decoding codec LegacyJacksonJson
2018-12-14 10:39:12,726  INFO - [main                 ] c.n.discovery.provider.DiscoveryJerseyProvider     : Using XML encoding codec XStreamXml
2018-12-14 10:39:12,726  INFO - [main                 ] c.n.discovery.provider.DiscoveryJerseyProvider     : Using XML decoding codec XStreamXml
2018-12-14 10:39:12,866  INFO - [main                 ] c.n.d.shared.resolver.aws.ConfigClusterResolver    : Resolving eureka endpoints via configuration
2018-12-14 10:39:13,049  INFO - [main                 ] com.netflix.discovery.DiscoveryClient              : Disable delta property : false
2018-12-14 10:39:13,049  INFO - [main                 ] com.netflix.discovery.DiscoveryClient              : Single vip registry refresh property : null
2018-12-14 10:39:13,049  INFO - [main                 ] com.netflix.discovery.DiscoveryClient              : Force full registry fetch : false
2018-12-14 10:39:13,049  INFO - [main                 ] com.netflix.discovery.DiscoveryClient              : Application is null : false
2018-12-14 10:39:13,049  INFO - [main                 ] com.netflix.discovery.DiscoveryClient              : Registered Applications size is zero : true
2018-12-14 10:39:13,049  INFO - [main                 ] com.netflix.discovery.DiscoveryClient              : Application version is -1: true
2018-12-14 10:39:13,049  INFO - [main                 ] com.netflix.discovery.DiscoveryClient              : Getting all instance registry info from the eureka server
2018-12-14 10:39:13,190  INFO - [main                 ] com.netflix.discovery.DiscoveryClient              : The response status is 200
2018-12-14 10:39:13,190  INFO - [main                 ] com.netflix.discovery.DiscoveryClient              : Starting heartbeat executor: renew interval is: 30
2018-12-14 10:39:13,205  INFO - [main                 ] com.netflix.discovery.InstanceInfoReplicator       : InstanceInfoReplicator onDemand update allowed rate per min is 4
2018-12-14 10:39:13,205  INFO - [main                 ] com.netflix.discovery.DiscoveryClient              : Discovery Client initialized at timestamp 1544755153205 with initial instances count: 3
2018-12-14 10:39:13,205  INFO - [main                 ] o.s.c.n.e.serviceregistry.EurekaServiceRegistry    : Registering application TRACE-C with eureka with status UP
2018-12-14 10:39:13,205  INFO - [main                 ] com.netflix.discovery.DiscoveryClient              : Saw local status change event StatusChangeEvent [timestamp=1544755153205, current=UP, previous=STARTING]
2018-12-14 10:39:13,205  INFO - [DiscoveryClient-InstanceInfoReplicator-0] com.netflix.discovery.DiscoveryClient              : DiscoveryClient_TRACE-C/LAPTOP-AJOD9Q7O:trace-c:4444: registering service...
2018-12-14 10:39:13,236  INFO - [main                 ] org.apache.coyote.http11.Http11NioProtocol         : Starting ProtocolHandler ["http-nio-4444"]
2018-12-14 10:39:13,236  INFO - [main                 ] org.apache.tomcat.util.net.NioSelectorPool         : Using a shared selector for servlet write/read
2018-12-14 10:39:13,252  INFO - [DiscoveryClient-InstanceInfoReplicator-0] com.netflix.discovery.DiscoveryClient              : DiscoveryClient_TRACE-C/LAPTOP-AJOD9Q7O:trace-c:4444 - registration status: 204
2018-12-14 10:39:13,252  INFO - [main                 ] o.s.boot.web.embedded.tomcat.TomcatWebServer       : Tomcat started on port(s): 4444 (http) with context path ''
2018-12-14 10:39:13,252  INFO - [main                 ] o.s.c.n.e.s.EurekaAutoServiceRegistration          : Updating port to 4444
2018-12-14 10:39:13,268  INFO - [main                 ] com.example.tracec.TracecApplication               : Started TracecApplication in 5.36 seconds (JVM running for 6.303)
2018-12-14 10:42:42,755  INFO - [http-nio-4444-exec-2 ] o.a.c.core.ContainerBase.[Tomcat].[localhost].[/]  : Initializing Spring DispatcherServlet 'dispatcherServlet'
2018-12-14 10:42:42,756  INFO - [http-nio-4444-exec-2 ] org.springframework.web.servlet.DispatcherServlet  : Initializing Servlet 'dispatcherServlet'
2018-12-14 10:42:42,770  INFO - [http-nio-4444-exec-2 ] org.springframework.web.servlet.DispatcherServlet  : Completed initialization in 14 ms
2018-12-14 10:42:42,790  INFO - [http-nio-4444-exec-2 ] c.e.t.TracecApplication$$EnhancerBySpringCGLIB$$f6db6974 : trace-1 is calling successfully! 
2018-12-14 10:42:42,933  INFO - [http-nio-4444-exec-2 ] com.netflix.config.ChainedDynamicProperty          : Flipping property: trace-a.ribbon.ActiveConnectionsLimit to use NEXT property: niws.loadbalancer.availabilityFilteringRule.activeConnectionsLimit = 2147483647
2018-12-14 10:42:42,954  INFO - [http-nio-4444-exec-2 ] com.netflix.util.concurrent.ShutdownEnabledTimer   : Shutdown hook installed for: NFLoadBalancer-PingTimer-trace-a
2018-12-14 10:42:42,955  INFO - [http-nio-4444-exec-2 ] com.netflix.loadbalancer.BaseLoadBalancer          : Client: trace-a instantiated a LoadBalancer: DynamicServerListLoadBalancer:{NFLoadBalancer:name=trace-a,current list of Servers=[],Load balancer stats=Zone stats: {},Server stats: []}ServerList:null
2018-12-14 10:42:42,960  INFO - [http-nio-4444-exec-2 ] c.n.loadbalancer.DynamicServerListLoadBalancer     : Using serverListUpdater PollingServerListUpdater
2018-12-14 10:42:42,979  INFO - [http-nio-4444-exec-2 ] com.netflix.config.ChainedDynamicProperty          : Flipping property: trace-a.ribbon.ActiveConnectionsLimit to use NEXT property: niws.loadbalancer.availabilityFilteringRule.activeConnectionsLimit = 2147483647
2018-12-14 10:42:42,982  INFO - [http-nio-4444-exec-2 ] c.n.loadbalancer.DynamicServerListLoadBalancer     : DynamicServerListLoadBalancer for client trace-a initialized: DynamicServerListLoadBalancer:{NFLoadBalancer:name=trace-a,current list of Servers=[LAPTOP-AJOD9Q7O:2222],Load balancer stats=Zone stats: {defaultzone=[Zone:defaultzone;	Instance count:1;	Active connections count: 0;	Circuit breaker tripped count: 0;	Active connections per server: 0.0;]
},Server stats: [[Server:LAPTOP-AJOD9Q7O:2222;	Zone:defaultZone;	Total Requests:0;	Successive connection failure:0;	Total blackout seconds:0;	Last connection made:Thu Jan 01 08:00:00 CST 1970;	First connection made: Thu Jan 01 08:00:00 CST 1970;	Active Connections:0;	total failure count in last (1000) msecs:0;	average resp time:0.0;	90 percentile resp time:0.0;	95 percentile resp time:0.0;	min resp time:0.0;	max resp time:0.0;	stddev resp time:0.0]
]}ServerList:org.springframework.cloud.netflix.ribbon.eureka.DomainExtractingServerList@76a25bbf
2018-12-14 10:42:43,965  INFO - [PollingServerListUpdater-0] com.netflix.config.ChainedDynamicProperty          : Flipping property: trace-a.ribbon.ActiveConnectionsLimit to use NEXT property: niws.loadbalancer.availabilityFilteringRule.activeConnectionsLimit = 2147483647
2018-12-14 10:44:13,073  INFO - [AsyncResolver-bootstrap-executor-0] c.n.d.shared.resolver.aws.ConfigClusterResolver    : Resolving eureka endpoints via configuration
2018-12-14 10:49:13,077  INFO - [AsyncResolver-bootstrap-executor-0] c.n.d.shared.resolver.aws.ConfigClusterResolver    : Resolving eureka endpoints via configuration
2018-12-14 10:54:13,089  INFO - [AsyncResolver-bootstrap-executor-0] c.n.d.shared.resolver.aws.ConfigClusterResolver    : Resolving eureka endpoints via configuration
2018-12-14 10:58:21,411  INFO - [main                 ] o.s.c.s.PostProcessorRegistrationDelegate$BeanPostProcessorChecker : Bean 'org.springframework.cloud.autoconfigure.ConfigurationPropertiesRebinderAutoConfiguration' of type [org.springframework.cloud.autoconfigure.ConfigurationPropertiesRebinderAutoConfiguration$$EnhancerBySpringCGLIB$$1e7d5e6d] is not eligible for getting processed by all BeanPostProcessors (for example: not eligible for auto-proxying)
2018-12-14 10:58:21,770  INFO - [main                 ] com.example.tracec.TracecApplication               : No active profile set, falling back to default profiles: default
2018-12-14 10:58:22,270  INFO - [main                 ] o.springframework.cloud.context.scope.GenericScope : BeanFactory id=04051796-1088-35ab-95cb-6a845a076389
2018-12-14 10:58:22,442  INFO - [main                 ] o.s.c.s.PostProcessorRegistrationDelegate$BeanPostProcessorChecker : Bean 'org.springframework.cloud.autoconfigure.ConfigurationPropertiesRebinderAutoConfiguration' of type [org.springframework.cloud.autoconfigure.ConfigurationPropertiesRebinderAutoConfiguration$$EnhancerBySpringCGLIB$$1e7d5e6d] is not eligible for getting processed by all BeanPostProcessors (for example: not eligible for auto-proxying)
2018-12-14 10:58:22,785  INFO - [main                 ] o.s.boot.web.embedded.tomcat.TomcatWebServer       : Tomcat initialized with port(s): 4444 (http)
2018-12-14 10:58:22,785  INFO - [main                 ] org.apache.coyote.http11.Http11NioProtocol         : Initializing ProtocolHandler ["http-nio-4444"]
2018-12-14 10:58:22,801  INFO - [main                 ] org.apache.catalina.core.StandardService           : Starting service [Tomcat]
2018-12-14 10:58:22,801  INFO - [main                 ] org.apache.catalina.core.StandardEngine            : Starting Servlet Engine: Apache Tomcat/9.0.13
2018-12-14 10:58:22,801  INFO - [main                 ] org.apache.catalina.core.AprLifecycleListener      : The APR based Apache Tomcat Native library which allows optimal performance in production environments was not found on the java.library.path: [C:\Program Files\Java\jdk1.8.0_101\bin;C:\WINDOWS\Sun\Java\bin;C:\WINDOWS\system32;C:\WINDOWS;C:\ProgramData\Oracle\Java\javapath;C:\Program Files (x86)\Intel\iCLS Client\;C:\Program Files\Intel\iCLS Client\;C:\Windows\system32;C:\Windows;C:\Windows\System32\Wbem;C:\Windows\System32\WindowsPowerShell\v1.0\;C:\Program Files (x86)\NVIDIA Corporation\PhysX\Common;C:\Program Files (x86)\Intel\Intel(R) Management Engine Components\DAL;C:\Program Files\Intel\Intel(R) Management Engine Components\DAL;C:\Program Files (x86)\Intel\Intel(R) Management Engine Components\IPT;C:\Program Files\Intel\Intel(R) Management Engine Components\IPT;C:\Program Files\Java\jdk-11.0.1\bin;C:\Program Files\MySQL\MySQL Server 5.5\bin;E:\apache_maven_3.3.9\bin;D:\database\redis\;C:\WINDOWS\system32;C:\WINDOWS;C:\WINDOWS\System32\Wbem;C:\WINDOWS\System32\WindowsPowerShell\v1.0\;D:\Git\cmd;D:\database\mongodb\bin;C:\WINDOWS\System32\OpenSSH\;C:\Program Files\RabbitMQ Server\rabbitmq_server-3.7.7\sbin;C:\Program Files\erl10.0.1\bin;D:\database\mysql-5.7.23-winx64\bin;D:\nodejs\;D:\scala-2.11.8\bin;"%JAVA_HOME%\bin;";C:\Users\49535\AppData\Local\Microsoft\WindowsApps;C:\Users\49535\AppData\Roaming\npm;.]
2018-12-14 10:58:22,973  INFO - [main                 ] o.a.c.core.ContainerBase.[Tomcat].[localhost].[/]  : Initializing Spring embedded WebApplicationContext
2018-12-14 10:58:22,973  INFO - [main                 ] org.springframework.web.context.ContextLoader      : Root WebApplicationContext: initialization completed in 1187 ms
2018-12-14 10:58:23,566  WARN - [main                 ] com.netflix.config.sources.URLConfigurationSource  : No URLs will be polled as dynamic configuration sources.
2018-12-14 10:58:23,566  INFO - [main                 ] com.netflix.config.sources.URLConfigurationSource  : To enable URLs as dynamic configuration sources, define System property archaius.configurationSource.additionalUrls or make config.properties available on classpath.
2018-12-14 10:58:23,566  WARN - [main                 ] com.netflix.config.sources.URLConfigurationSource  : No URLs will be polled as dynamic configuration sources.
2018-12-14 10:58:23,566  INFO - [main                 ] com.netflix.config.sources.URLConfigurationSource  : To enable URLs as dynamic configuration sources, define System property archaius.configurationSource.additionalUrls or make config.properties available on classpath.
2018-12-14 10:58:23,848  INFO - [main                 ] o.s.scheduling.concurrent.ThreadPoolTaskExecutor   : Initializing ExecutorService 'applicationTaskExecutor'
2018-12-14 10:58:25,175  INFO - [main                 ] o.s.cloud.netflix.eureka.InstanceInfoFactory       : Setting initial instance status as: STARTING
2018-12-14 10:58:25,191  INFO - [main                 ] com.netflix.discovery.DiscoveryClient              : Initializing Eureka in region us-east-1
2018-12-14 10:58:25,300  INFO - [main                 ] c.n.discovery.provider.DiscoveryJerseyProvider     : Using JSON encoding codec LegacyJacksonJson
2018-12-14 10:58:25,300  INFO - [main                 ] c.n.discovery.provider.DiscoveryJerseyProvider     : Using JSON decoding codec LegacyJacksonJson
2018-12-14 10:58:25,379  INFO - [main                 ] c.n.discovery.provider.DiscoveryJerseyProvider     : Using XML encoding codec XStreamXml
2018-12-14 10:58:25,379  INFO - [main                 ] c.n.discovery.provider.DiscoveryJerseyProvider     : Using XML decoding codec XStreamXml
2018-12-14 10:58:25,519  INFO - [main                 ] c.n.d.shared.resolver.aws.ConfigClusterResolver    : Resolving eureka endpoints via configuration
2018-12-14 10:58:25,691  INFO - [main                 ] com.netflix.discovery.DiscoveryClient              : Disable delta property : false
2018-12-14 10:58:25,691  INFO - [main                 ] com.netflix.discovery.DiscoveryClient              : Single vip registry refresh property : null
2018-12-14 10:58:25,691  INFO - [main                 ] com.netflix.discovery.DiscoveryClient              : Force full registry fetch : false
2018-12-14 10:58:25,691  INFO - [main                 ] com.netflix.discovery.DiscoveryClient              : Application is null : false
2018-12-14 10:58:25,691  INFO - [main                 ] com.netflix.discovery.DiscoveryClient              : Registered Applications size is zero : true
2018-12-14 10:58:25,691  INFO - [main                 ] com.netflix.discovery.DiscoveryClient              : Application version is -1: true
2018-12-14 10:58:25,691  INFO - [main                 ] com.netflix.discovery.DiscoveryClient              : Getting all instance registry info from the eureka server
2018-12-14 10:58:25,816  INFO - [main                 ] com.netflix.discovery.DiscoveryClient              : The response status is 200
2018-12-14 10:58:25,816  INFO - [main                 ] com.netflix.discovery.DiscoveryClient              : Starting heartbeat executor: renew interval is: 30
2018-12-14 10:58:25,816  INFO - [main                 ] com.netflix.discovery.InstanceInfoReplicator       : InstanceInfoReplicator onDemand update allowed rate per min is 4
2018-12-14 10:58:25,816  INFO - [main                 ] com.netflix.discovery.DiscoveryClient              : Discovery Client initialized at timestamp 1544756305816 with initial instances count: 3
2018-12-14 10:58:25,816  INFO - [main                 ] o.s.c.n.e.serviceregistry.EurekaServiceRegistry    : Registering application TRACE-C with eureka with status UP
2018-12-14 10:58:25,816  INFO - [main                 ] com.netflix.discovery.DiscoveryClient              : Saw local status change event StatusChangeEvent [timestamp=1544756305816, current=UP, previous=STARTING]
2018-12-14 10:58:25,832  INFO - [DiscoveryClient-InstanceInfoReplicator-0] com.netflix.discovery.DiscoveryClient              : DiscoveryClient_TRACE-C/LAPTOP-AJOD9Q7O:trace-c:4444: registering service...
2018-12-14 10:58:25,847  INFO - [main                 ] org.apache.coyote.http11.Http11NioProtocol         : Starting ProtocolHandler ["http-nio-4444"]
2018-12-14 10:58:25,847  INFO - [main                 ] org.apache.tomcat.util.net.NioSelectorPool         : Using a shared selector for servlet write/read
2018-12-14 10:58:25,878  INFO - [DiscoveryClient-InstanceInfoReplicator-0] com.netflix.discovery.DiscoveryClient              : DiscoveryClient_TRACE-C/LAPTOP-AJOD9Q7O:trace-c:4444 - registration status: 204
2018-12-14 10:58:25,878  INFO - [main                 ] o.s.boot.web.embedded.tomcat.TomcatWebServer       : Tomcat started on port(s): 4444 (http) with context path ''
2018-12-14 10:58:25,878  INFO - [main                 ] o.s.c.n.e.s.EurekaAutoServiceRegistration          : Updating port to 4444
2018-12-14 10:58:25,878  INFO - [main                 ] com.example.tracec.TracecApplication               : Started TracecApplication in 5.358 seconds (JVM running for 6.382)
2018-12-14 10:58:38,380  INFO - [http-nio-4444-exec-1 ] o.a.c.core.ContainerBase.[Tomcat].[localhost].[/]  : Initializing Spring DispatcherServlet 'dispatcherServlet'
2018-12-14 10:58:38,380  INFO - [http-nio-4444-exec-1 ] org.springframework.web.servlet.DispatcherServlet  : Initializing Servlet 'dispatcherServlet'
2018-12-14 10:58:38,392  INFO - [http-nio-4444-exec-1 ] org.springframework.web.servlet.DispatcherServlet  : Completed initialization in 12 ms
2018-12-14 10:58:38,411  INFO - [http-nio-4444-exec-1 ] c.e.t.TracecApplication$$EnhancerBySpringCGLIB$$a8418d68 : trace-1 is calling successfully! 
2018-12-14 10:58:38,550  INFO - [http-nio-4444-exec-1 ] com.netflix.config.ChainedDynamicProperty          : Flipping property: trace-a.ribbon.ActiveConnectionsLimit to use NEXT property: niws.loadbalancer.availabilityFilteringRule.activeConnectionsLimit = 2147483647
2018-12-14 10:58:38,573  INFO - [http-nio-4444-exec-1 ] com.netflix.util.concurrent.ShutdownEnabledTimer   : Shutdown hook installed for: NFLoadBalancer-PingTimer-trace-a
2018-12-14 10:58:38,573  INFO - [http-nio-4444-exec-1 ] com.netflix.loadbalancer.BaseLoadBalancer          : Client: trace-a instantiated a LoadBalancer: DynamicServerListLoadBalancer:{NFLoadBalancer:name=trace-a,current list of Servers=[],Load balancer stats=Zone stats: {},Server stats: []}ServerList:null
2018-12-14 10:58:38,579  INFO - [http-nio-4444-exec-1 ] c.n.loadbalancer.DynamicServerListLoadBalancer     : Using serverListUpdater PollingServerListUpdater
2018-12-14 10:58:38,598  INFO - [http-nio-4444-exec-1 ] com.netflix.config.ChainedDynamicProperty          : Flipping property: trace-a.ribbon.ActiveConnectionsLimit to use NEXT property: niws.loadbalancer.availabilityFilteringRule.activeConnectionsLimit = 2147483647
2018-12-14 10:58:38,599  INFO - [http-nio-4444-exec-1 ] c.n.loadbalancer.DynamicServerListLoadBalancer     : DynamicServerListLoadBalancer for client trace-a initialized: DynamicServerListLoadBalancer:{NFLoadBalancer:name=trace-a,current list of Servers=[LAPTOP-AJOD9Q7O:2222],Load balancer stats=Zone stats: {defaultzone=[Zone:defaultzone;	Instance count:1;	Active connections count: 0;	Circuit breaker tripped count: 0;	Active connections per server: 0.0;]
},Server stats: [[Server:LAPTOP-AJOD9Q7O:2222;	Zone:defaultZone;	Total Requests:0;	Successive connection failure:0;	Total blackout seconds:0;	Last connection made:Thu Jan 01 08:00:00 CST 1970;	First connection made: Thu Jan 01 08:00:00 CST 1970;	Active Connections:0;	total failure count in last (1000) msecs:0;	average resp time:0.0;	90 percentile resp time:0.0;	95 percentile resp time:0.0;	min resp time:0.0;	max resp time:0.0;	stddev resp time:0.0]
]}ServerList:org.springframework.cloud.netflix.ribbon.eureka.DomainExtractingServerList@1f8e4c6f
2018-12-14 10:58:39,586  INFO - [PollingServerListUpdater-0] com.netflix.config.ChainedDynamicProperty          : Flipping property: trace-a.ribbon.ActiveConnectionsLimit to use NEXT property: niws.loadbalancer.availabilityFilteringRule.activeConnectionsLimit = 2147483647
