2018-10-18 09:44:14,402  INFO - [main                 ] o.s.c.a.AnnotationConfigApplicationContext         : Refreshing org.springframework.context.annotation.AnnotationConfigApplicationContext@64a40280: startup date [Thu Oct 18 09:44:14 CST 2018]; root of context hierarchy
2018-10-18 09:44:14,605  INFO - [main                 ] o.s.b.f.a.AutowiredAnnotationBeanPostProcessor     : JSR-330 'javax.inject.Inject' annotation found and supported for autowiring
2018-10-18 09:44:14,636  INFO - [main                 ] o.s.c.s.PostProcessorRegistrationDelegate$BeanPostProcessorChecker : Bean 'configurationPropertiesRebinderAutoConfiguration' of type [org.springframework.cloud.autoconfigure.ConfigurationPropertiesRebinderAutoConfiguration$$EnhancerBySpringCGLIB$$1d4abe97] is not eligible for getting processed by all BeanPostProcessors (for example: not eligible for auto-proxying)
2018-10-18 09:44:15,027  INFO - [main                 ] com.example.ribbon.HealthApplicationTests          : No active profile set, falling back to default profiles: default
2018-10-18 09:44:15,027  INFO - [main                 ] o.s.w.context.support.GenericWebApplicationContext : Refreshing org.springframework.web.context.support.GenericWebApplicationContext@180e6ac4: startup date [Thu Oct 18 09:44:15 CST 2018]; parent: org.springframework.context.annotation.AnnotationConfigApplicationContext@64a40280
2018-10-18 09:44:15,621  INFO - [main                 ] o.springframework.cloud.context.scope.GenericScope : BeanFactory id=4f7d160e-82df-302f-9447-20af6cff1238
2018-10-18 09:44:15,668  INFO - [main                 ] o.s.b.f.a.AutowiredAnnotationBeanPostProcessor     : JSR-330 'javax.inject.Inject' annotation found and supported for autowiring
2018-10-18 09:44:15,762  INFO - [main                 ] o.s.c.s.PostProcessorRegistrationDelegate$BeanPostProcessorChecker : Bean 'org.springframework.cloud.autoconfigure.ConfigurationPropertiesRebinderAutoConfiguration' of type [org.springframework.cloud.autoconfigure.ConfigurationPropertiesRebinderAutoConfiguration$$EnhancerBySpringCGLIB$$1d4abe97] is not eligible for getting processed by all BeanPostProcessors (for example: not eligible for auto-proxying)
2018-10-18 09:44:16,293  WARN - [main                 ] com.netflix.config.sources.URLConfigurationSource  : No URLs will be polled as dynamic configuration sources.
2018-10-18 09:44:16,293  INFO - [main                 ] com.netflix.config.sources.URLConfigurationSource  : To enable URLs as dynamic configuration sources, define System property archaius.configurationSource.additionalUrls or make config.properties available on classpath.
2018-10-18 09:44:16,309  WARN - [main                 ] com.netflix.config.sources.URLConfigurationSource  : No URLs will be polled as dynamic configuration sources.
2018-10-18 09:44:16,309  INFO - [main                 ] com.netflix.config.sources.URLConfigurationSource  : To enable URLs as dynamic configuration sources, define System property archaius.configurationSource.additionalUrls or make config.properties available on classpath.
2018-10-18 09:44:16,418  INFO - [main                 ] o.s.web.servlet.handler.SimpleUrlHandlerMapping    : Mapped URL path [/**/favicon.ico] onto handler of type [class org.springframework.web.servlet.resource.ResourceHttpRequestHandler]
2018-10-18 09:44:16,684  INFO - [main                 ] o.s.w.s.m.m.a.RequestMappingHandlerAdapter         : Looking for @ControllerAdvice: org.springframework.web.context.support.GenericWebApplicationContext@180e6ac4: startup date [Thu Oct 18 09:44:15 CST 2018]; parent: org.springframework.context.annotation.AnnotationConfigApplicationContext@64a40280
2018-10-18 09:44:16,777  INFO - [main                 ] o.s.w.s.m.m.a.RequestMappingHandlerMapping         : Mapped "{[/ribbon/server],methods=[GET],produces=[application/json]}" onto public java.lang.String com.example.ribbon.client.controller.RibbonConsumerController.server()
2018-10-18 09:44:16,777  INFO - [main                 ] o.s.w.s.m.m.a.RequestMappingHandlerMapping         : Mapped "{[/ribbon/consumer],methods=[GET],produces=[application/json]}" onto public java.lang.String com.example.ribbon.client.controller.RibbonConsumerController.consumer()
2018-10-18 09:44:16,777  INFO - [main                 ] o.s.w.s.m.m.a.RequestMappingHandlerMapping         : Mapped "{[/ribbon/thirdPart],methods=[GET],produces=[application/json]}" onto public java.lang.String com.example.ribbon.client.controller.RibbonConsumerController.demo()
2018-10-18 09:44:16,793  INFO - [main                 ] o.s.w.s.m.m.a.RequestMappingHandlerMapping         : Mapped "{[/error]}" onto public org.springframework.http.ResponseEntity<java.util.Map<java.lang.String, java.lang.Object>> org.springframework.boot.autoconfigure.web.servlet.error.BasicErrorController.error(javax.servlet.http.HttpServletRequest)
2018-10-18 09:44:16,793  INFO - [main                 ] o.s.w.s.m.m.a.RequestMappingHandlerMapping         : Mapped "{[/error],produces=[text/html]}" onto public org.springframework.web.servlet.ModelAndView org.springframework.boot.autoconfigure.web.servlet.error.BasicErrorController.errorHtml(javax.servlet.http.HttpServletRequest,javax.servlet.http.HttpServletResponse)
2018-10-18 09:44:16,824  INFO - [main                 ] o.s.web.servlet.handler.SimpleUrlHandlerMapping    : Mapped URL path [/webjars/**] onto handler of type [class org.springframework.web.servlet.resource.ResourceHttpRequestHandler]
2018-10-18 09:44:16,824  INFO - [main                 ] o.s.web.servlet.handler.SimpleUrlHandlerMapping    : Mapped URL path [/**] onto handler of type [class org.springframework.web.servlet.resource.ResourceHttpRequestHandler]
2018-10-18 09:44:17,996  INFO - [main                 ] o.s.context.support.DefaultLifecycleProcessor      : Starting beans in phase 0
2018-10-18 09:44:18,011  INFO - [main                 ] com.example.ribbon.HealthApplicationTests          : Started HealthApplicationTests in 4.39 seconds (JVM running for 5.377)
2018-10-18 09:44:18,183  INFO - [Thread-5             ] o.s.w.context.support.GenericWebApplicationContext : Closing org.springframework.web.context.support.GenericWebApplicationContext@180e6ac4: startup date [Thu Oct 18 09:44:15 CST 2018]; parent: org.springframework.context.annotation.AnnotationConfigApplicationContext@64a40280
2018-10-18 09:44:18,199  INFO - [Thread-5             ] o.s.cloud.netflix.eureka.InstanceInfoFactory       : Setting initial instance status as: STARTING
2018-10-18 09:44:18,199  INFO - [Thread-5             ] o.s.c.n.e.serviceregistry.EurekaServiceRegistry    : Unregistering application ribbonClient with eureka with status DOWN
2018-10-18 09:44:18,199  INFO - [Thread-5             ] o.s.context.support.DefaultLifecycleProcessor      : Stopping beans in phase 0
2018-10-18 09:44:18,246  INFO - [Thread-5             ] com.netflix.discovery.DiscoveryClient              : Initializing Eureka in region us-east-1
2018-10-18 09:44:18,402  INFO - [Thread-5             ] c.n.discovery.provider.DiscoveryJerseyProvider     : Using JSON encoding codec LegacyJacksonJson
2018-10-18 09:44:18,402  INFO - [Thread-5             ] c.n.discovery.provider.DiscoveryJerseyProvider     : Using JSON decoding codec LegacyJacksonJson
2018-10-18 09:44:18,542  INFO - [Thread-5             ] c.n.discovery.provider.DiscoveryJerseyProvider     : Using XML encoding codec XStreamXml
2018-10-18 09:44:18,542  INFO - [Thread-5             ] c.n.discovery.provider.DiscoveryJerseyProvider     : Using XML decoding codec XStreamXml
2018-10-18 09:44:18,730  INFO - [Thread-5             ] c.n.d.shared.resolver.aws.ConfigClusterResolver    : Resolving eureka endpoints via configuration
2018-10-18 09:44:18,902  INFO - [Thread-5             ] com.netflix.discovery.DiscoveryClient              : Disable delta property : false
2018-10-18 09:44:18,902  INFO - [Thread-5             ] com.netflix.discovery.DiscoveryClient              : Single vip registry refresh property : null
2018-10-18 09:44:18,902  INFO - [Thread-5             ] com.netflix.discovery.DiscoveryClient              : Force full registry fetch : false
2018-10-18 09:44:18,902  INFO - [Thread-5             ] com.netflix.discovery.DiscoveryClient              : Application is null : false
2018-10-18 09:44:18,902  INFO - [Thread-5             ] com.netflix.discovery.DiscoveryClient              : Registered Applications size is zero : true
2018-10-18 09:44:18,902  INFO - [Thread-5             ] com.netflix.discovery.DiscoveryClient              : Application version is -1: true
2018-10-18 09:44:18,902  INFO - [Thread-5             ] com.netflix.discovery.DiscoveryClient              : Getting all instance registry info from the eureka server
2018-10-18 09:44:19,074  INFO - [Thread-5             ] com.netflix.discovery.DiscoveryClient              : The response status is 200
2018-10-18 09:44:19,074  INFO - [Thread-5             ] com.netflix.discovery.DiscoveryClient              : Starting heartbeat executor: renew interval is: 30
2018-10-18 09:44:19,074  INFO - [Thread-5             ] com.netflix.discovery.InstanceInfoReplicator       : InstanceInfoReplicator onDemand update allowed rate per min is 4
2018-10-18 09:44:19,074  INFO - [Thread-5             ] com.netflix.discovery.DiscoveryClient              : Discovery Client initialized at timestamp 1539827059074 with initial instances count: 2
2018-10-18 09:44:19,074  INFO - [Thread-5             ] com.netflix.discovery.DiscoveryClient              : Shutting down DiscoveryClient ...
2018-10-18 09:44:22,104  INFO - [Thread-5             ] com.netflix.discovery.DiscoveryClient              : Unregistering ...
2018-10-18 09:44:22,135  INFO - [Thread-5             ] com.netflix.discovery.DiscoveryClient              : DiscoveryClient_RIBBONCLIENT/LAPTOP-AJOD9Q7O:ribbonClient:-1 - deregister  status: 404
2018-10-18 09:44:22,167  INFO - [Thread-5             ] com.netflix.discovery.DiscoveryClient              : Completed shut down of DiscoveryClient
2018-10-18 09:44:22,182  WARN - [Thread-5             ] com.netflix.config.sources.URLConfigurationSource  : No URLs will be polled as dynamic configuration sources.
2018-10-18 09:44:22,182  INFO - [Thread-5             ] com.netflix.config.sources.URLConfigurationSource  : To enable URLs as dynamic configuration sources, define System property archaius.configurationSource.additionalUrls or make config.properties available on classpath.
